0 info it worked if it ends with ok
1 verbose cli [ '/Users/Austinwork/.nvm/versions/node/v6.11.2/bin/node',
1 verbose cli   '/Users/Austinwork/.nvm/versions/node/v6.11.2/bin/npm',
1 verbose cli   'run',
1 verbose cli   'start' ]
2 info using npm@3.10.10
3 info using node@v6.11.2
4 verbose run-script [ 'prestart', 'start', 'poststart' ]
5 info lifecycle natours@1.0.0~prestart: natours@1.0.0
6 silly lifecycle natours@1.0.0~prestart: no script for prestart, continuing
7 info lifecycle natours@1.0.0~start: natours@1.0.0
8 verbose lifecycle natours@1.0.0~start: unsafe-perm in lifecycle true
9 verbose lifecycle natours@1.0.0~start: PATH: /Users/Austinwork/.nvm/versions/node/v6.11.2/lib/node_modules/npm/bin/node-gyp-bin:/Users/Austinwork/Development/code/advanced-css-course/Natours/node_modules/.bin:/Users/Austinwork/.nvm/versions/node/v6.11.2/bin:/Users/Austinwork/.rvm/gems/ruby-2.3.3/bin:/Users/Austinwork/.rvm/gems/ruby-2.3.3@global/bin:/Users/Austinwork/.rvm/rubies/ruby-2.3.3/bin:/Applications/Postgres.app/Contents/Versions/latest/bin:/usr/local:/usr/local/bin:/usr/local/sbin:/usr/bin:/usr/local/bin:/usr/bin:/bin:/usr/sbin:/sbin:/usr/local/go/bin:/Users/Austinwork/.rvm/bin
10 verbose lifecycle natours@1.0.0~start: CWD: /Users/Austinwork/Development/code/advanced-css-course/Natours
11 silly lifecycle natours@1.0.0~start: Args: [ '-c', 'npm-run-all --parallel devserver watch:css' ]
12 silly lifecycle natours@1.0.0~start: Returned: code: 1  signal: null
13 info lifecycle natours@1.0.0~start: Failed to exec start script
14 verbose stack Error: natours@1.0.0 start: `npm-run-all --parallel devserver watch:css`
14 verbose stack Exit status 1
14 verbose stack     at EventEmitter.<anonymous> (/Users/Austinwork/.nvm/versions/node/v6.11.2/lib/node_modules/npm/lib/utils/lifecycle.js:255:16)
14 verbose stack     at emitTwo (events.js:106:13)
14 verbose stack     at EventEmitter.emit (events.js:191:7)
14 verbose stack     at ChildProcess.<anonymous> (/Users/Austinwork/.nvm/versions/node/v6.11.2/lib/node_modules/npm/lib/utils/spawn.js:40:14)
14 verbose stack     at emitTwo (events.js:106:13)
14 verbose stack     at ChildProcess.emit (events.js:191:7)
14 verbose stack     at maybeClose (internal/child_process.js:891:16)
14 verbose stack     at Process.ChildProcess._handle.onexit (internal/child_process.js:226:5)
15 verbose pkgid natours@1.0.0
16 verbose cwd /Users/Austinwork/Development/code/advanced-css-course/Natours
17 error Darwin 17.4.0
18 error argv "/Users/Austinwork/.nvm/versions/node/v6.11.2/bin/node" "/Users/Austinwork/.nvm/versions/node/v6.11.2/bin/npm" "run" "start"
19 error node v6.11.2
20 error npm  v3.10.10
21 error code ELIFECYCLE
22 error natours@1.0.0 start: `npm-run-all --parallel devserver watch:css`
22 error Exit status 1
23 error Failed at the natours@1.0.0 start script 'npm-run-all --parallel devserver watch:css'.
23 error Make sure you have the latest version of node.js and npm installed.
23 error If you do, this is most likely a problem with the natours package,
23 error not with npm itself.
23 error Tell the author that this fails on your system:
23 error     npm-run-all --parallel devserver watch:css
23 error You can get information on how to open an issue for this project with:
23 error     npm bugs natours
23 error Or if that isn't available, you can get their info via:
23 error     npm owner ls natours
23 error There is likely additional logging output above.
24 verbose exit [ 1, true ]
